#This file was autowritten by 'rmlint'
#rmlint was executed from: /home/chris/dev/python-glyr/docs/build/html
#
# Entries are listed like this: 
# dupflag | md5sum | path | size | devID | inode
# -------------------------------------------
# dupflag : What type of lint found:
#           BLNK: Bad link pointing nowhere
#           OTMP: Old tmp data (e.g: test.txt~)
#           BASE: Double basename
#           EDIR: Empty directory
#           BLNK: Bad link pointing nowhere
#           JNKD: Dirname containg one char of a user defined string
#           JNKF: Filename containg one char of a user defined string
#           ZERO: Empty file
#           NBIN: Nonstripped binary
#           BGID: File with Bad GroupID
#           BUID: File with Bad UserID
#           ORIG: File that has a duplicate, but supposed to be a original
#           DUPL: File that is supposed to be a duplicate
#
# md5sum  : The md5-checksum of the file (not equal with output of `md5sum`, because only parts are read!)
# path    : The full path to the found file
# size    : total size in byte as a decimal integer
# devID   : The ID of the device where the file is located
# inode   : The Inode of the file (see man 2 stat)
# The '//' inbetween each word is the seperator.
ORIG//60994068a542dbcac0bf632805c724e0///tmp/archive/url.txt//80//20//369113//
DUPL//60994068a542dbcac0bf632805c724e0///tmp/archive/archive/url.txt//80//20//381820//
ORIG//0683331ddad7ae228b43738c72cb4da1///tmp/archive/xml/file.xsd//1618//20//369114//
DUPL//0683331ddad7ae228b43738c72cb4da1///tmp/archive/archive/xml/file.xsd//1618//20//381821//
ORIG//350031899b9a0cd513b952cad1f17f1c///tmp/archive/content/www.blendpolis.de/memberlist.php?mode=group&g=2799&sid=a995838be5756a09b3af19fbe0db2223/data//7864//20//372324//
DUPL//350031899b9a0cd513b952cad1f17f1c///tmp/archive/content/www.blendpolis.de/memberlist.php?mode=group&g=2800&sid=a995838be5756a09b3af19fbe0db2223/data//7864//20//372326//
DUPL//350031899b9a0cd513b952cad1f17f1c///tmp/archive/content/www.blendpolis.de/memberlist.php?mode=group&g=9&sid=a995838be5756a09b3af19fbe0db2223/data//7864//20//372328//
ORIG//ed975d8820209ec29b4215e943c3d85c///tmp/archive/content/www.blendpolis.de/memberlist.php?mode=viewprofile&u=1438&sid=a995838be5756a09b3af19fbe0db2223/data//7873//20//372332//
DUPL//ed975d8820209ec29b4215e943c3d85c///tmp/archive/content/www.blendpolis.de/memberlist.php?mode=viewprofile&u=2021&sid=a995838be5756a09b3af19fbe0db2223/data//7873//20//372334//
DUPL//ed975d8820209ec29b4215e943c3d85c///tmp/archive/content/www.blendpolis.de/memberlist.php?mode=viewprofile&u=4107&sid=a995838be5756a09b3af19fbe0db2223/data//7873//20//372336//
DUPL//ed975d8820209ec29b4215e943c3d85c///tmp/archive/content/www.blendpolis.de/memberlist.php?mode=viewprofile&u=4549&sid=a995838be5756a09b3af19fbe0db2223/data//7873//20//372338//
DUPL//ed975d8820209ec29b4215e943c3d85c///tmp/archive/content/www.blendpolis.de/memberlist.php?mode=viewprofile&u=5139&sid=a995838be5756a09b3af19fbe0db2223/data//7873//20//372340//
DUPL//ed975d8820209ec29b4215e943c3d85c///tmp/archive/content/www.blendpolis.de/memberlist.php?mode=viewprofile&u=5783&sid=a995838be5756a09b3af19fbe0db2223/data//7873//20//372342//
DUPL//ed975d8820209ec29b4215e943c3d85c///tmp/archive/content/www.blendpolis.de/memberlist.php?mode=viewprofile&u=6043&sid=a995838be5756a09b3af19fbe0db2223/data//7873//20//372344//
DUPL//ed975d8820209ec29b4215e943c3d85c///tmp/archive/content/www.blendpolis.de/memberlist.php?mode=viewprofile&u=6448&sid=a995838be5756a09b3af19fbe0db2223/data//7873//20//372346//
DUPL//ed975d8820209ec29b4215e943c3d85c///tmp/archive/content/www.blendpolis.de/memberlist.php?mode=viewprofile&u=6576&sid=a995838be5756a09b3af19fbe0db2223/data//7873//20//372348//
DUPL//ed975d8820209ec29b4215e943c3d85c///tmp/archive/content/www.blendpolis.de/memberlist.php?mode=viewprofile&u=6833&sid=a995838be5756a09b3af19fbe0db2223/data//7873//20//372350//
DUPL//ed975d8820209ec29b4215e943c3d85c///tmp/archive/content/www.blendpolis.de/memberlist.php?mode=viewprofile&u=6842&sid=a995838be5756a09b3af19fbe0db2223/data//7873//20//372352//
DUPL//ed975d8820209ec29b4215e943c3d85c///tmp/archive/content/www.blendpolis.de/memberlist.php?mode=viewprofile&u=6927&sid=a995838be5756a09b3af19fbe0db2223/data//7873//20//372354//
DUPL//ed975d8820209ec29b4215e943c3d85c///tmp/archive/content/www.blendpolis.de/memberlist.php?mode=viewprofile&u=7664&sid=a995838be5756a09b3af19fbe0db2223/data//7873//20//372356//
DUPL//ed975d8820209ec29b4215e943c3d85c///tmp/archive/content/www.blendpolis.de/memberlist.php?mode=viewprofile&u=7704&sid=a995838be5756a09b3af19fbe0db2223/data//7873//20//372358//
DUPL//ed975d8820209ec29b4215e943c3d85c///tmp/archive/content/www.blendpolis.de/memberlist.php?mode=viewprofile&u=7909&sid=a995838be5756a09b3af19fbe0db2223/data//7873//20//372360//
DUPL//ed975d8820209ec29b4215e943c3d85c///tmp/archive/content/www.blendpolis.de/memberlist.php?mode=viewprofile&u=8099&sid=a995838be5756a09b3af19fbe0db2223/data//7873//20//372362//
DUPL//ed975d8820209ec29b4215e943c3d85c///tmp/archive/content/www.blendpolis.de/memberlist.php?mode=viewprofile&u=8290&sid=a995838be5756a09b3af19fbe0db2223/data//7873//20//372364//
DUPL//ed975d8820209ec29b4215e943c3d85c///tmp/archive/content/www.blendpolis.de/memberlist.php?mode=viewprofile&u=8621&sid=a995838be5756a09b3af19fbe0db2223/data//7873//20//372366//
DUPL//ed975d8820209ec29b4215e943c3d85c///tmp/archive/content/www.blendpolis.de/memberlist.php?mode=viewprofile&u=8954&sid=a995838be5756a09b3af19fbe0db2223/data//7873//20//372368//
DUPL//ed975d8820209ec29b4215e943c3d85c///tmp/archive/content/www.blendpolis.de/memberlist.php?mode=viewprofile&u=8962&sid=a995838be5756a09b3af19fbe0db2223/data//7873//20//372370//
DUPL//ed975d8820209ec29b4215e943c3d85c///tmp/archive/content/www.blendpolis.de/memberlist.php?mode=viewprofile&u=8982&sid=a995838be5756a09b3af19fbe0db2223/data//7873//20//372372//
